2026-01-12 12:26:52,057 - DEBUG - Initializing Downloader for: https://fitgirl-repacks.site/clair-obscur-expedition-33/
2026-01-12 12:26:52,061 - DEBUG - Starting new HTTPS connection (1): fitgirl-repacks.site:443
2026-01-12 12:26:53,128 - DEBUG - https://fitgirl-repacks.site:443 "GET /clair-obscur-expedition-33/ HTTP/1.1" 200 None
2026-01-12 12:27:38,077 - DEBUG - Resolving: https://fuckingfast.co/yts4nhrwazpi#COE33_--_fitgirl-repacks.site_--_.part18.rar
2026-01-12 12:27:38,077 - DEBUG - Starting Playwright Engine...
2026-01-12 12:27:38,077 - DEBUG - Using proactor: IocpProactor
2026-01-12 12:27:38,659 - DEBUG - Launching Chromium...
2026-01-12 12:27:38,869 - DEBUG - Browser Launched Successfully.
2026-01-12 12:27:38,980 - DEBUG - Page created. Navigating...
2026-01-12 12:27:40,373 - DEBUG - Navigation complete (domcontentloaded).
2026-01-12 12:27:40,375 - DEBUG - Waiting for DOWNLOAD button...
2026-01-12 12:27:40,443 - DEBUG - Attempting to click DOWNLOAD (Popup trigger)...
2026-01-12 12:27:41,070 - DEBUG - Popup handled.
2026-01-12 12:27:42,082 - DEBUG - Attempting to click DOWNLOAD (Real)...
2026-01-12 12:27:43,200 - DEBUG - Download URL captured: https://fuckingfast.co/dl/mSCp7lYhKB_lAcSSi1hpwlX9F8BhBw29M1tc5u9trg-mtOMZC9TYkVP_nCqauUHbKUQwE-yADjC4ttthKu6F42jG1Y8oieIJnJSZHAKVPG7POKMW61pzVeKwAruqerIJbO6pkjM_1IvK5TG-VHYODA
2026-01-12 12:27:43,231 - DEBUG - Starting new HTTPS connection (1): fuckingfast.co:443
2026-01-12 12:27:44,059 - DEBUG - https://fuckingfast.co:443 "GET /dl/mSCp7lYhKB_lAcSSi1hpwlX9F8BhBw29M1tc5u9trg-mtOMZC9TYkVP_nCqauUHbKUQwE-yADjC4ttthKu6F42jG1Y8oieIJnJSZHAKVPG7POKMW61pzVeKwAruqerIJbO6pkjM_1IvK5TG-VHYODA HTTP/1.1" 200 524288000
2026-01-12 12:29:50,419 - DEBUG - Resolving: https://fuckingfast.co/x6rxqsopgood#COE33_--_fitgirl-repacks.site_--_.part19.rar
2026-01-12 12:29:50,536 - DEBUG - Page created. Navigating...
2026-01-12 12:29:51,207 - DEBUG - Navigation complete (domcontentloaded).
2026-01-12 12:29:51,207 - DEBUG - Waiting for DOWNLOAD button...
2026-01-12 12:29:51,240 - DEBUG - Attempting to click DOWNLOAD (Popup trigger)...
2026-01-12 12:29:52,314 - DEBUG - Popup handled.
2026-01-12 12:29:53,324 - DEBUG - Attempting to click DOWNLOAD (Real)...
2026-01-12 12:29:53,809 - DEBUG - Download URL captured: https://fuckingfast.co/dl/oGvULPIJGlAR4-1RK3XUBcCwOquFUQNIF2HDLsbTEg124w6Uez3CPv-FYxqRdd_sI2Ybj7C257NpvUrHvj5ErQnWU9IuCTq9fEcgJgQ6nlpVVbgbU-BFN7afyMQvDEwfhuNJhHtsx7y8rj77MHtngg
2026-01-12 12:29:54,181 - DEBUG - https://fuckingfast.co:443 "GET /dl/oGvULPIJGlAR4-1RK3XUBcCwOquFUQNIF2HDLsbTEg124w6Uez3CPv-FYxqRdd_sI2Ybj7C257NpvUrHvj5ErQnWU9IuCTq9fEcgJgQ6nlpVVbgbU-BFN7afyMQvDEwfhuNJhHtsx7y8rj77MHtngg HTTP/1.1" 200 524288000
2026-01-12 12:32:48,915 - DEBUG - Resolving: https://fuckingfast.co/dtrorms6ikcm#COE33_--_fitgirl-repacks.site_--_.part20.rar
2026-01-12 12:32:49,099 - DEBUG - Page created. Navigating...
2026-01-12 12:32:49,976 - DEBUG - Navigation complete (domcontentloaded).
2026-01-12 12:32:49,976 - DEBUG - Waiting for DOWNLOAD button...
2026-01-12 12:32:50,024 - DEBUG - Attempting to click DOWNLOAD (Popup trigger)...
2026-01-12 12:32:50,520 - DEBUG - Popup handled.
2026-01-12 12:32:51,527 - DEBUG - Attempting to click DOWNLOAD (Real)...
2026-01-12 12:32:53,266 - DEBUG - Download URL captured: https://fuckingfast.co/dl/hg4NvzrdSUkIjXLQzDc3ySltZa1-nkAQrxpMRyqgnjAUOy0KT7NNDZJJ6c5C1j3de0RYfh2HDQdtkxrU4EViEFvHXxnLCBxKfvOky_g5Uba2hz1SMm79KGNDdkjN3tI7rzdb4NwKlsC_o4YFj_TdkQ
2026-01-12 12:32:53,684 - DEBUG - https://fuckingfast.co:443 "GET /dl/hg4NvzrdSUkIjXLQzDc3ySltZa1-nkAQrxpMRyqgnjAUOy0KT7NNDZJJ6c5C1j3de0RYfh2HDQdtkxrU4EViEFvHXxnLCBxKfvOky_g5Uba2hz1SMm79KGNDdkjN3tI7rzdb4NwKlsC_o4YFj_TdkQ HTTP/1.1" 200 524288000
